<?xml version="1.0" encoding="UTF-8"?>
<!-- Generated by org.testng.reporters.JUnitReportReporter -->
<testsuite hostname="System-Alik" failures="0" tests="3" name="com.cucumber.OpenLibrary.AppTest" time="33.783" errors="0" timestamp="2022-05-31T13:13:12 IST" skipped="0">
  <testcase classname="com.cucumber.OpenLibrary.AppTest" name="showCase" time="16.019"/>
  <system-out/>
  <testcase classname="com.cucumber.OpenLibrary.AppTest" name="getString" time="17.734"/>
  <system-out/>
  <testcase classname="com.cucumber.OpenLibrary.AppTest" name="condChk" time="0.030"/>
  <system-out/>
</testsuite> <!-- com.cucumber.OpenLibrary.AppTest -->
